<?xml version="1.0" encoding="UTF-8"?>
<testng-results ignored="0" total="2" passed="2" failed="0" skipped="0">
  <reporter-output>
  </reporter-output>
  <suite started-at="2024-06-08T07:05:15 MDT" name="Default suite" finished-at="2024-06-08T07:05:15 MDT" duration-ms="59">
    <groups>
    </groups>
    <test started-at="2024-06-08T07:05:15 MDT" name="Default test" finished-at="2024-06-08T07:05:15 MDT" duration-ms="59">
      <class name="com.appium.testcases.AnnotationExamples">
        <test-method is-config="true" signature="BeforeSuiteMethod()[pri:0, instance:com.appium.testcases.AnnotationExamples@f0da945]" started-at="2024-06-08T07:05:15 MDT" name="BeforeSuiteMethod" finished-at="2024-06-08T07:05:15 MDT" duration-ms="8" status="PASS">
          <reporter-output>
          </reporter-output>
        </test-method> <!-- BeforeSuiteMethod -->
        <test-method is-config="true" signature="BeforeTestMethod()[pri:0, instance:com.appium.testcases.AnnotationExamples@f0da945]" started-at="2024-06-08T07:05:15 MDT" name="BeforeTestMethod" finished-at="2024-06-08T07:05:15 MDT" duration-ms="0" status="PASS">
          <reporter-output>
          </reporter-output>
        </test-method> <!-- BeforeTestMethod -->
        <test-method is-config="true" signature="BeforeClassMethod()[pri:0, instance:com.appium.testcases.AnnotationExamples@f0da945]" started-at="2024-06-08T07:05:15 MDT" name="BeforeClassMethod" finished-at="2024-06-08T07:05:15 MDT" duration-ms="1" status="PASS">
          <reporter-output>
          </reporter-output>
        </test-method> <!-- BeforeClassMethod -->
        <test-method is-config="true" signature="BeforeMethod1()[pri:0, instance:com.appium.testcases.AnnotationExamples@f0da945]" started-at="2024-06-08T07:05:15 MDT" name="BeforeMethod1" finished-at="2024-06-08T07:05:15 MDT" duration-ms="1" status="PASS">
          <reporter-output>
          </reporter-output>
        </test-method> <!-- BeforeMethod1 -->
        <test-method signature="Testcase1()[pri:0, instance:com.appium.testcases.AnnotationExamples@f0da945]" started-at="2024-06-08T07:05:15 MDT" name="Testcase1" finished-at="2024-06-08T07:05:15 MDT" duration-ms="9" status="PASS">
          <reporter-output>
          </reporter-output>
        </test-method> <!-- Testcase1 -->
        <test-method is-config="true" signature="AfterMethod1()[pri:0, instance:com.appium.testcases.AnnotationExamples@f0da945]" started-at="2024-06-08T07:05:15 MDT" name="AfterMethod1" finished-at="2024-06-08T07:05:15 MDT" duration-ms="0" status="PASS">
          <reporter-output>
          </reporter-output>
        </test-method> <!-- AfterMethod1 -->
        <test-method is-config="true" signature="BeforeMethod1()[pri:0, instance:com.appium.testcases.AnnotationExamples@f0da945]" started-at="2024-06-08T07:05:15 MDT" name="BeforeMethod1" finished-at="2024-06-08T07:05:15 MDT" duration-ms="1" status="PASS">
          <reporter-output>
          </reporter-output>
        </test-method> <!-- BeforeMethod1 -->
        <test-method signature="Testcase2()[pri:0, instance:com.appium.testcases.AnnotationExamples@f0da945]" started-at="2024-06-08T07:05:15 MDT" name="Testcase2" finished-at="2024-06-08T07:05:15 MDT" duration-ms="2" status="PASS">
          <reporter-output>
          </reporter-output>
        </test-method> <!-- Testcase2 -->
        <test-method is-config="true" signature="AfterMethod1()[pri:0, instance:com.appium.testcases.AnnotationExamples@f0da945]" started-at="2024-06-08T07:05:15 MDT" name="AfterMethod1" finished-at="2024-06-08T07:05:15 MDT" duration-ms="0" status="PASS">
          <reporter-output>
          </reporter-output>
        </test-method> <!-- AfterMethod1 -->
        <test-method is-config="true" signature="AfterClassMethod()[pri:0, instance:com.appium.testcases.AnnotationExamples@f0da945]" started-at="2024-06-08T07:05:15 MDT" name="AfterClassMethod" finished-at="2024-06-08T07:05:15 MDT" duration-ms="0" status="PASS">
          <reporter-output>
          </reporter-output>
        </test-method> <!-- AfterClassMethod -->
        <test-method is-config="true" signature="AfterTestMethod()[pri:0, instance:com.appium.testcases.AnnotationExamples@f0da945]" started-at="2024-06-08T07:05:15 MDT" name="AfterTestMethod" finished-at="2024-06-08T07:05:15 MDT" duration-ms="0" status="PASS">
          <reporter-output>
          </reporter-output>
        </test-method> <!-- AfterTestMethod -->
        <test-method is-config="true" signature="AfterSuiteMethod()[pri:0, instance:com.appium.testcases.AnnotationExamples@f0da945]" started-at="2024-06-08T07:05:15 MDT" name="AfterSuiteMethod" finished-at="2024-06-08T07:05:15 MDT" duration-ms="1" status="PASS">
          <reporter-output>
          </reporter-output>
        </test-method> <!-- AfterSuiteMethod -->
      </class> <!-- com.appium.testcases.AnnotationExamples -->
    </test> <!-- Default test -->
  </suite> <!-- Default suite -->
</testng-results>
